AutoDock Vina 52ec525-mod
#################################################################
# If you used AutoDock Vina in your work, please cite:          #
#                                                               #
# J. Eberhardt, D. Santos-Martins, A. F. Tillack, and S. Forli  #
# AutoDock Vina 1.2.0: New Docking Methods, Expanded Force      #
# Field, and Python Bindings, J. Chem. Inf. Model. (2021)       #
# DOI 10.1021/acs.jcim.1c00203                                  #
#                                                               #
# O. Trott, A. J. Olson,                                        #
# AutoDock Vina: improving the speed and accuracy of docking    #
# with a new scoring function, efficient optimization and       #
# multithreading, J. Comp. Chem. (2010)                         #
# DOI 10.1002/jcc.21334                                         #
#                                                               #
# Please see https://github.com/ccsb-scripps/AutoDock-Vina for  #
# more information.                                             #
#################################################################

Scoring function : vina
Rigid receptor: D6Y2K0_receptor/D6Y2K0_pocket1.pdbqt
Ligand: ligand.pdbqt
Grid center: X 3.059 Y -0.148 Z -10.271
Grid size  : X 22.5 Y 22.5 Z 22.5
Grid space : 0.375
Exhaustiveness: 32
CPU: 0
Verbosity: 1

Computing Vina grid ... done.
Performing docking (random seed: 1041918704) ... 
0%   10   20   30   40   50   60   70   80   90   100%
|----|----|----|----|----|----|----|----|----|----|
***************************************************

mode |   affinity | dist from best mode
     | (kcal/mol) | rmsd l.b.| rmsd u.b.
-----+------------+----------+----------
   1       -9.046          0          0
   2       -8.995      1.583      11.98
   3       -8.906      2.227      6.118
   4       -8.891     0.8913      2.094
   5       -8.876      3.242      13.92
   6       -8.748      3.894      12.65
   7       -8.604      1.801      2.784
   8       -8.604      2.304      12.14
   9       -8.603      2.074      5.051
