AutoDock Vina 52ec525-mod
#################################################################
# If you used AutoDock Vina in your work, please cite:          #
#                                                               #
# J. Eberhardt, D. Santos-Martins, A. F. Tillack, and S. Forli  #
# AutoDock Vina 1.2.0: New Docking Methods, Expanded Force      #
# Field, and Python Bindings, J. Chem. Inf. Model. (2021)       #
# DOI 10.1021/acs.jcim.1c00203                                  #
#                                                               #
# O. Trott, A. J. Olson,                                        #
# AutoDock Vina: improving the speed and accuracy of docking    #
# with a new scoring function, efficient optimization and       #
# multithreading, J. Comp. Chem. (2010)                         #
# DOI 10.1002/jcc.21334                                         #
#                                                               #
# Please see https://github.com/ccsb-scripps/AutoDock-Vina for  #
# more information.                                             #
#################################################################

Scoring function : vina
Rigid receptor: ULR51437.1_receptor/ULR51437.1_pocket1.pdbqt
Ligand: ligand.pdbqt
Grid center: X 1.773 Y -12.769 Z 9.841
Grid size  : X 22.5 Y 22.5 Z 22.5
Grid space : 0.375
Exhaustiveness: 32
CPU: 0
Verbosity: 1

Computing Vina grid ... done.
Performing docking (random seed: 1012849674) ... 
0%   10   20   30   40   50   60   70   80   90   100%
|----|----|----|----|----|----|----|----|----|----|
***************************************************

mode |   affinity | dist from best mode
     | (kcal/mol) | rmsd l.b.| rmsd u.b.
-----+------------+----------+----------
   1       -7.045          0          0
   2        -6.85      1.481      11.23
   3       -6.732      2.688      5.449
   4       -6.726      1.662      3.889
   5       -6.642      2.193      5.539
   6        -6.58      1.853      11.35
   7       -6.515      1.657      11.01
   8       -6.492      2.456      11.15
   9       -6.441      2.121       4.28
